2025-12-15 12:05:03 | INFO | Найдено 1 файлов для поиска
2025-12-15 12:05:04 | INFO | Поиск завершён. Найдено: 1 результатов
2025-12-15 12:06:06 | INFO | Найдено 1 файлов для поиска
2025-12-15 12:06:06 | INFO | Поиск завершён. Найдено: 1 результатов
2025-12-15 12:24:44 | INFO | Найдено 1 файлов для поиска
2025-12-15 12:24:44 | INFO | Поиск завершён. Найдено: 1 результатов
2025-12-15 12:36:40 | INFO | Index saved
2025-12-15 12:36:40 | INFO | Indexing complete: 1 files, 246928 records in 0.13 sec
2025-12-15 12:37:13 | INFO | Searching in 1 files...
2025-12-15 12:37:14 | INFO | Search complete. Found: 0 in 0.39s
2025-12-15 12:58:53 | INFO     | Index loaded: 3 files
2025-12-15 14:48:50 | INFO     | Index loaded: 3 files
2025-12-15 14:52:40 | INFO     | Searching in 1 files for: 78981700
2025-12-15 14:52:40 | INFO     | Search complete. Found: 1 in 0.25s
2025-12-15 15:14:15 | INFO     | Index loaded: 3 files
2025-12-15 15:22:12 | INFO     | Index loaded: 3 files
2025-12-15 15:22:50 | INFO     | Searching in 3 files for: 5857162129
2025-12-15 15:22:51 | INFO     | Search complete. Found: 1 in 0.60s
2025-12-15 15:30:22 | INFO     | Index loaded: 3 files
2025-12-15 15:30:29 | INFO     | Searching in 3 files for: 628083932
2025-12-15 15:30:29 | INFO     | Search complete. Found: 1 in 0.58s
2025-12-15 15:49:58 | INFO     | Index loaded: 3 files
2025-12-15 16:02:36 | INFO     | Index loaded: 3 files
2025-12-15 16:03:07 | INFO     | Searching in 3 files for: 1038520739
2025-12-15 16:03:08 | INFO     | Search complete. Found: 1 in 0.61s
2025-12-15 16:05:41 | INFO     | Searching in 3 files for: Юрий Лискунович
2025-12-15 16:05:42 | INFO     | Search complete. Found: 0 in 0.55s
2025-12-15 16:06:15 | INFO     | Searching in 3 files for: 79656167997
2025-12-15 16:06:15 | INFO     | Search complete. Found: 1 in 0.59s
2025-12-15 16:28:26 | INFO     | Index loaded: 3 files
2025-12-15 16:54:56 | INFO     | Index loaded: 3 files
2025-12-15 17:03:26 | INFO     | Searching in 3 files for: 312312323
2025-12-15 17:03:27 | INFO     | Search complete. Found: 0 in 0.62s
2025-12-15 17:07:27 | INFO     | Searching in 3 files for: 210944655
2025-12-15 17:07:28 | INFO     | Search complete. Found: 1 in 0.61s
2025-12-15 17:09:20 | INFO     | Searching in 3 files for: 399193496
2025-12-15 17:09:20 | INFO     | Search complete. Found: 1 in 0.59s
2025-12-15 17:24:27 | INFO     | Searching in 3 files for: 339241567
2025-12-15 17:24:27 | INFO     | Search complete. Found: 1 in 0.58s
2025-12-15 17:27:20 | INFO     | Searching in 3 files for: Hell GIRL
2025-12-15 17:27:20 | INFO     | Search complete. Found: 1 in 0.57s
2025-12-15 17:30:33 | INFO     | Index loaded: 3 files
2025-12-15 17:30:44 | INFO     | Index saved
2025-12-15 17:30:44 | INFO     | Indexing complete: 4 files, 758764 records in 0.62 sec
2025-12-15 17:30:54 | INFO     | Searching in 4 files for: 110933511
2025-12-15 17:30:55 | INFO     | Search complete. Found: 1 in 0.88s
2025-12-15 17:31:22 | INFO     | Searching in 4 files for: 241483440
2025-12-15 17:31:22 | INFO     | Search complete. Found: 1 in 0.88s
2025-12-15 17:31:42 | INFO     | Searching in 4 files for: Tabrizi
2025-12-15 17:31:43 | INFO     | Search complete. Found: 144 in 0.90s
2025-12-15 17:49:05 | INFO     | Index loaded: 7 files
2025-12-15 17:49:41 | INFO     | Searching in 14 files for: 1638069740
2025-12-15 17:49:45 | INFO     | Search complete. Found: 1 in 4.25s
2025-12-15 17:49:57 | INFO     | Index saved
2025-12-15 17:49:57 | INFO     | Indexing complete: 14 files, 3516622 records in 2.04 sec
2025-12-15 17:50:05 | INFO     | Cache hit for: 1638069740
2025-12-15 17:50:28 | INFO     | Searching in 14 files for: 100362439
2025-12-15 17:50:33 | INFO     | Search complete. Found: 1 in 4.24s
2025-12-15 17:51:04 | INFO     | Searching in 14 files for: 1275784086
2025-12-15 17:51:08 | INFO     | Search complete. Found: 1 in 4.14s
2025-12-15 17:51:20 | INFO     | Searching in 14 files for: 2032465084
2025-12-15 17:51:24 | INFO     | Search complete. Found: 0 in 4.17s
2025-12-15 17:51:43 | INFO     | Searching in 14 files for: nihsan27
2025-12-15 17:51:47 | INFO     | Search complete. Found: 1 in 4.25s
2025-12-15 17:59:08 | INFO     | Index loaded: 17 files
2025-12-15 17:59:15 | INFO     | Index saved
2025-12-15 17:59:15 | INFO     | Indexing complete: 49 files, 10897887 records in 4.69 sec
2025-12-15 17:59:43 | INFO     | Searching in 49 files for: 415357755
2025-12-15 17:59:58 | INFO     | Search complete. Found: 1 in 14.95s
2025-12-15 18:00:32 | INFO     | Searching in 49 files for: 2032465084
2025-12-15 18:00:46 | INFO     | Search complete. Found: 0 in 14.22s
2025-12-15 18:01:34 | INFO     | Searching in 49 files for: 379191010
2025-12-15 18:01:49 | INFO     | Search complete. Found: 1 in 14.29s
2025-12-15 18:03:08 | INFO     | Searching in 49 files for: 98903797838
2025-12-15 18:03:20 | INFO     | Search complete. Found: 1 in 12.27s
2025-12-15 18:20:14 | INFO     | Index loaded: 52 files
2025-12-15 18:21:40 | INFO     | Index saved
2025-12-15 18:21:40 | INFO     | Indexing complete: 37 files, 5768074 records in 5.47 sec
2025-12-15 18:24:28 | INFO     | Searching in 37 files for: id264176722
2025-12-15 18:24:41 | INFO     | Search complete. Found: 1 in 12.96s
2025-12-15 18:25:18 | INFO     | Index loaded: 89 files
2025-12-15 18:25:54 | INFO     | Searching in 37 files for: Вячеслав Пелипенко
2025-12-15 18:26:07 | INFO     | Search complete. Found: 2 in 12.84s
2025-12-15 18:26:34 | INFO     | Searching in 37 files for: +79194331820
2025-12-15 18:26:47 | INFO     | Search complete. Found: 0 in 13.06s
2025-12-15 18:27:35 | INFO     | Searching in 37 files for: vk.com/id44596831
2025-12-15 18:27:48 | INFO     | Search complete. Found: 1 in 12.92s
2025-12-15 18:28:51 | INFO     | Searching in 37 files for: vk.com/id36392634
2025-12-15 18:29:03 | INFO     | Search complete. Found: 1 in 12.97s
2025-12-15 18:42:22 | INFO     | Index loaded: 89 files
2025-12-15 18:42:24 | INFO     | Index saved
2025-12-15 18:42:24 | INFO     | Indexing complete: 1 files, 3234 records in 0.23 sec
2025-12-15 18:42:55 | INFO     | Searching in 1 files for: 89181036940
2025-12-15 18:42:55 | INFO     | Search complete. Found: 1 in 0.17s
2025-12-15 18:43:58 | INFO     | Searching in 1 files for: 89882828639
2025-12-15 18:43:58 | INFO     | Search complete. Found: 1 in 0.17s
2025-12-15 18:44:54 | INFO     | Searching in 1 files for: 8 922 437 04 66
2025-12-15 18:44:54 | INFO     | Search complete. Found: 1 in 0.17s
2025-12-15 18:47:15 | INFO     | Index loaded: 90 files
2025-12-15 18:47:32 | INFO     | Index loaded: 90 files
2025-12-15 18:47:39 | INFO     | Index saved
2025-12-15 18:47:39 | INFO     | Indexing complete: 12 files, 204871 records in 1.07 sec
2025-12-15 18:48:17 | INFO     | Searching in 12 files for: 79803479535
2025-12-15 18:48:19 | INFO     | Search complete. Found: 1 in 2.33s
2025-12-15 18:48:40 | INFO     | Index loaded: 102 files
2025-12-15 18:48:44 | INFO     | Index saved
2025-12-15 18:48:44 | INFO     | Indexing complete: 12 files, 204871 records in 0.22 sec
2025-12-15 18:48:56 | INFO     | Cache hit for: 79803479535
2025-12-15 18:50:11 | INFO     | Searching in 12 files for: +79194331820
2025-12-15 18:50:14 | INFO     | Search complete. Found: 0 in 2.34s
