2025-12-16 08:53:36 | INFO     | Index loaded: 102 files
2025-12-16 09:02:11 | INFO     | Index saved
2025-12-16 09:02:11 | INFO     | Indexing complete: 1 files, 36510 records in 0.88 sec
2025-12-16 09:05:51 | INFO     | Index saved
2025-12-16 09:05:51 | INFO     | Indexing complete: 1 files, 39292 records in 0.31 sec
2025-12-16 09:06:42 | INFO     | Searching in 1 files for: 79183618301
2025-12-16 09:06:42 | INFO     | Search complete. Found: 1 in 0.77s
2025-12-16 09:09:39 | INFO     | Searching in 1 files for: viktor.r.s@mail.ru
2025-12-16 09:09:40 | INFO     | Search complete. Found: 0 in 0.58s
2025-12-16 09:10:54 | INFO     | Searching in 1 files for: luarak8585@yandex.ru
2025-12-16 09:10:55 | INFO     | Search complete. Found: 1 in 0.72s
2025-12-16 09:13:56 | INFO     | Searching in 1 files for: 79827773760
2025-12-16 09:13:57 | INFO     | Search complete. Found: 1 in 0.48s
2025-12-16 09:18:13 | INFO     | Index saved
2025-12-16 09:18:13 | INFO     | Indexing complete: 1 files, 87511 records in 0.68 sec
2025-12-16 09:19:29 | INFO     | Searching in 1 files for: alisa.norv@gmail.com
2025-12-16 09:19:30 | INFO     | Search complete. Found: 1 in 1.27s
2025-12-16 09:23:32 | INFO     | Searching in 1 files for: julia1997-08@mail.com
2025-12-16 09:23:34 | INFO     | Search complete. Found: 0 in 2.35s
2025-12-16 09:25:22 | INFO     | Index loaded: 104 files
2025-12-16 09:26:38 | INFO     | Index saved
2025-12-16 09:26:38 | INFO     | Indexing complete: 1 files, 17096 records in 1.04 sec
2025-12-16 09:27:48 | INFO     | Searching in 1 files for: andgelo2006@yandex.ru
2025-12-16 09:27:49 | INFO     | Search complete. Found: 1 in 0.27s
2025-12-16 09:31:56 | INFO     | Index loaded: 105 files
2025-12-16 09:31:59 | INFO     | Index saved
2025-12-16 09:31:59 | INFO     | Indexing complete: 1 files, 17096 records in 0.27 sec
2025-12-16 09:33:05 | INFO     | Searching in 1 files for: p20p4n@yandex.ru
2025-12-16 09:33:05 | INFO     | Search complete. Found: 1 in 0.29s
2025-12-16 09:42:43 | INFO     | Index saved
2025-12-16 09:42:43 | INFO     | Indexing complete: 1 files, 16854 records in 0.14 sec
2025-12-16 09:42:47 | INFO     | Searching in 1 files for: mamoanmarina86@gmail.com
2025-12-16 09:42:48 | INFO     | Search complete. Found: 1 in 0.20s
2025-12-16 09:42:55 | INFO     | TXT export: results\search_mamoanmarina86gmailcom_20251216_094255.txt
